\BOOKMARK [1][-]{section.1}{Introduction}{}% 1
\BOOKMARK [2][-]{subsection.1.1}{General background}{section.1}% 2
\BOOKMARK [2][-]{subsection.1.2}{Summary of research}{section.1}% 3
\BOOKMARK [2][-]{subsection.1.3}{How to contact CBA}{section.1}% 4
\BOOKMARK [1][-]{section.2}{Organisation}{}% 5
\BOOKMARK [2][-]{subsection.2.1}{Finances}{section.2}% 6
\BOOKMARK [2][-]{subsection.2.2}{Staff, CBA}{section.2}% 7
\BOOKMARK [1][-]{section.3}{Undergraduate education}{}% 8
\BOOKMARK [2][-]{subsection.3.1}{UU courses}{section.3}% 9
\BOOKMARK [2][-]{subsection.3.2}{Master theses}{section.3}% 10
\BOOKMARK [1][-]{section.4}{Graduate education}{}% 11
\BOOKMARK [2][-]{subsection.4.1}{Graduate courses}{section.4}% 12
\BOOKMARK [2][-]{subsection.4.2}{Dissertations}{section.4}% 13
\BOOKMARK [1][-]{section.5}{Research}{}% 14
\BOOKMARK [2][-]{subsection.5.1}{Forestry related applications}{section.5}% 15
\BOOKMARK [2][-]{subsection.5.2}{Analysis of microscopic biomedical images}{section.5}% 16
\BOOKMARK [2][-]{subsection.5.3}{3D analysis and visualization}{section.5}% 17
\BOOKMARK [2][-]{subsection.5.4}{Theory: discrete geometry, mathematical morphology and volume processing}{section.5}% 18
\BOOKMARK [2][-]{subsection.5.5}{Other projects}{section.5}% 19
\BOOKMARK [2][-]{subsection.5.6}{Cooperation partners}{section.5}% 20
\BOOKMARK [1][-]{section.6}{Publications}{}% 21
\BOOKMARK [2][-]{subsection.6.1}{Edited conference proceedings}{section.6}% 22
\BOOKMARK [2][-]{subsection.6.2}{Journal articles}{section.6}% 23
\BOOKMARK [2][-]{subsection.6.3}{Refereed conference proceedings}{section.6}% 24
\BOOKMARK [2][-]{subsection.6.4}{Non-refereed conferences and workshops}{section.6}% 25
\BOOKMARK [2][-]{subsection.6.5}{Other publications}{section.6}% 26
\BOOKMARK [1][-]{section.7}{Activities}{}% 27
\BOOKMARK [2][-]{subsection.7.1}{ICPR 2014}{section.7}% 28
\BOOKMARK [2][-]{subsection.7.2}{Organized conferences and workshops}{section.7}% 29
\BOOKMARK [2][-]{subsection.7.3}{Seminars held outside CBA}{section.7}% 30
\BOOKMARK [2][-]{subsection.7.4}{Seminars at CBA}{section.7}% 31
\BOOKMARK [2][-]{subsection.7.5}{Conference participation}{section.7}% 32
\BOOKMARK [2][-]{subsection.7.6}{Visiting scientists}{section.7}% 33
\BOOKMARK [2][-]{subsection.7.7}{Visits to other research groups}{section.7}% 34
\BOOKMARK [2][-]{subsection.7.8}{Committees}{section.7}% 35
