This is pdfTeX, Version 3.1415926-2.5-1.40.14 (TeX Live 2013) (format=pdflatex 2014.5.8)  23 FEB 2015 09:43
entering extended mode
 restricted \write18 enabled.
 %&-line parsing enabled.
**AnnualReport2014.tex
(./AnnualReport2014.tex
LaTeX2e <2011/06/27>
Babel <3.9f> and hyphenation patterns for 78 languages loaded.
(/usr/local/texlive/2013/texmf-dist/tex/latex/base/article.cls
Document Class: article 2007/10/19 v1.4h Standard LaTeX document class
(/usr/local/texlive/2013/texmf-dist/tex/latex/base/size11.clo
File: size11.clo 2007/10/19 v1.4h Standard LaTeX file (size option)
)
\c@part=\count79
\c@section=\count80
\c@subsection=\count81
\c@subsubsection=\count82
\c@paragraph=\count83
\c@subparagraph=\count84
\c@figure=\count85
\c@table=\count86
\abovecaptionskip=\skip41
\belowcaptionskip=\skip42
\bibindent=\dimen102
)
(/usr/local/texlive/2013/texmf-dist/tex/latex/psnfss/times.sty
Package: times 2005/04/12 PSNFSS-v9.2a (SPQR) 
)
(./annualreport.sty)
(/usr/local/texlive/2013/texmf-dist/tex/latex/graphics/epsfig.sty
Package: epsfig 1999/02/16 v1.7a (e)psfig emulation (SPQR)

(/usr/local/texlive/2013/texmf-dist/tex/latex/graphics/graphicx.sty
Package: graphicx 1999/02/16 v1.0f Enhanced LaTeX Graphics (DPC,SPQR)

(/usr/local/texlive/2013/texmf-dist/tex/latex/graphics/keyval.sty
Package: keyval 1999/03/16 v1.13 key=value parser (DPC)
\KV@toks@=\toks14
)
(/usr/local/texlive/2013/texmf-dist/tex/latex/graphics/graphics.sty
Package: graphics 2009/02/05 v1.0o Standard LaTeX Graphics (DPC,SPQR)

(/usr/local/texlive/2013/texmf-dist/tex/latex/graphics/trig.sty
Package: trig 1999/03/16 v1.09 sin cos tan (DPC)
)
(/usr/local/texlive/2013/texmf-dist/tex/latex/latexconfig/graphics.cfg
File: graphics.cfg 2010/04/23 v1.9 graphics configuration of TeX Live
)
Package graphics Info: Driver file: pdftex.def on input line 91.

(/usr/local/texlive/2013/texmf-dist/tex/latex/pdftex-def/pdftex.def
File: pdftex.def 2011/05/27 v0.06d Graphics/color for pdfTeX

(/usr/local/texlive/2013/texmf-dist/tex/generic/oberdiek/infwarerr.sty
Package: infwarerr 2010/04/08 v1.3 Providing info/warning/error messages (HO)
)
(/usr/local/texlive/2013/texmf-dist/tex/generic/oberdiek/ltxcmds.sty
Package: ltxcmds 2011/11/09 v1.22 LaTeX kernel commands for general use (HO)
)
\Gread@gobject=\count87
))
\Gin@req@height=\dimen103
\Gin@req@width=\dimen104
)
\epsfxsize=\dimen105
\epsfysize=\dimen106
)
(/usr/local/texlive/2013/texmf-dist/tex/latex/amsfonts/amssymb.sty
Package: amssymb 2013/01/14 v3.01 AMS font symbols

(/usr/local/texlive/2013/texmf-dist/tex/latex/amsfonts/amsfonts.sty
Package: amsfonts 2013/01/14 v3.01 Basic AMSFonts support
\@emptytoks=\toks15
\symAMSa=\mathgroup4
\symAMSb=\mathgroup5
LaTeX Font Info:    Overwriting math alphabet `\mathfrak' in version `bold'
(Font)                  U/euf/m/n --> U/euf/b/n on input line 106.
))
(/usr/local/texlive/2013/texmf-dist/tex/latex/psfrag/psfrag.sty
Package: psfrag 1998/04/11 v3.04 PSfrag (MCG)
\pfg@pcount=\count88
\pfg@scount=\count89
\pfg@temp=\write3
)
(/usr/local/texlive/2013/texmf-dist/tex/latex/subfigure/subfigure.sty
Package: subfigure 2002/03/15 v2.1.5 subfigure package
\subfigtopskip=\skip43
\subfigcapskip=\skip44
\subfigcaptopadj=\dimen107
\subfigbottomskip=\skip45
\subfigcapmargin=\dimen108
\subfiglabelskip=\skip46
\c@subfigure=\count90
\c@lofdepth=\count91
\c@subtable=\count92
\c@lotdepth=\count93

****************************************
* Local config file subfigure.cfg used *
****************************************
(/usr/local/texlive/2013/texmf-dist/tex/latex/subfigure/subfigure.cfg)
\subfig@top=\skip47
\subfig@bottom=\skip48
)
(/usr/local/texlive/2013/texmf-dist/tex/latex/tools/layout.sty
Package: layout 2000/09/25 v1.2c Show layout parameters
\oneinch=\count94
\cnt@paperwidth=\count95
\cnt@paperheight=\count96
\cnt@hoffset=\count97
\cnt@voffset=\count98
\cnt@textheight=\count99
\cnt@textwidth=\count100
\cnt@topmargin=\count101
\cnt@oddsidemargin=\count102
\cnt@evensidemargin=\count103
\cnt@headheight=\count104
\cnt@headsep=\count105
\cnt@marginparsep=\count106
\cnt@marginparwidth=\count107
\cnt@marginparpush=\count108
\cnt@footskip=\count109
\fheight=\count110
\ref@top=\count111
\ref@hoffset=\count112
\ref@voffset=\count113
\ref@head=\count114
\ref@body=\count115
\ref@foot=\count116
\ref@margin=\count117
\ref@marginwidth=\count118
\ref@marginpar=\count119
\Interval=\count120
\ExtraYPos=\count121
\PositionX=\count122
\PositionY=\count123
\ArrowLength=\count124
)
(/usr/local/texlive/2013/texmf-dist/tex/generic/epsf/epsf.tex
This is `epsf.tex' v2.7.4 <14 February 2011>
\epsffilein=\read1
\epsfframemargin=\dimen109
\epsfframethickness=\dimen110
\epsfrsize=\dimen111
\epsftmp=\dimen112
\epsftsize=\dimen113
\epsfxsize=\dimen114
\epsfysize=\dimen115
\pspoints=\dimen116
) (/usr/local/texlive/2013/texmf-dist/tex/latex/base/inputenc.sty
Package: inputenc 2008/03/30 v1.1d Input encoding file
\inpenc@prehook=\toks16
\inpenc@posthook=\toks17

(/usr/local/texlive/2013/texmf-dist/tex/latex/base/latin1.def
File: latin1.def 2008/03/30 v1.1d Input encoding file
))
(/usr/local/texlive/2013/texmf-dist/tex/latex/hyperref/hyperref.sty
Package: hyperref 2012/11/06 v6.83m Hypertext links for LaTeX

(/usr/local/texlive/2013/texmf-dist/tex/generic/oberdiek/hobsub-hyperref.sty
Package: hobsub-hyperref 2012/05/28 v1.13 Bundle oberdiek, subset hyperref (HO)


(/usr/local/texlive/2013/texmf-dist/tex/generic/oberdiek/hobsub-generic.sty
Package: hobsub-generic 2012/05/28 v1.13 Bundle oberdiek, subset generic (HO)
Package: hobsub 2012/05/28 v1.13 Construct package bundles (HO)
Package hobsub Info: Skipping package `infwarerr' (already loaded).
Package hobsub Info: Skipping package `ltxcmds' (already loaded).
Package: ifluatex 2010/03/01 v1.3 Provides the ifluatex switch (HO)
Package ifluatex Info: LuaTeX not detected.
Package: ifvtex 2010/03/01 v1.5 Detect VTeX and its facilities (HO)
Package ifvtex Info: VTeX not detected.
Package: intcalc 2007/09/27 v1.1 Expandable calculations with integers (HO)
Package: ifpdf 2011/01/30 v2.3 Provides the ifpdf switch (HO)
Package ifpdf Info: pdfTeX in PDF mode is detected.
Package: etexcmds 2011/02/16 v1.5 Avoid name clashes with e-TeX commands (HO)
Package etexcmds Info: Could not find \expanded.
(etexcmds)             That can mean that you are not using pdfTeX 1.50 or
(etexcmds)             that some package has redefined \expanded.
(etexcmds)             In the latter case, load this package earlier.
Package: kvsetkeys 2012/04/25 v1.16 Key value parser (HO)
Package: kvdefinekeys 2011/04/07 v1.3 Define keys (HO)
Package: pdftexcmds 2011/11/29 v0.20 Utility functions of pdfTeX for LuaTeX (HO
)
Package pdftexcmds Info: LuaTeX not detected.
Package pdftexcmds Info: \pdf@primitive is available.
Package pdftexcmds Info: \pdf@ifprimitive is available.
Package pdftexcmds Info: \pdfdraftmode found.
Package: pdfescape 2011/11/25 v1.13 Implements pdfTeX's escape features (HO)
Package: bigintcalc 2012/04/08 v1.3 Expandable calculations on big integers (HO
)
Package: bitset 2011/01/30 v1.1 Handle bit-vector datatype (HO)
Package: uniquecounter 2011/01/30 v1.2 Provide unlimited unique counter (HO)
)
Package hobsub Info: Skipping package `hobsub' (already loaded).
Package: letltxmacro 2010/09/02 v1.4 Let assignment for LaTeX macros (HO)
Package: hopatch 2012/05/28 v1.2 Wrapper for package hooks (HO)
Package: xcolor-patch 2011/01/30 xcolor patch
Package: atveryend 2011/06/30 v1.8 Hooks at the very end of document (HO)
Package atveryend Info: \enddocument detected (standard20110627).
Package: atbegshi 2011/10/05 v1.16 At begin shipout hook (HO)
Package: refcount 2011/10/16 v3.4 Data extraction from label references (HO)
Package: hycolor 2011/01/30 v1.7 Color options for hyperref/bookmark (HO)
)
(/usr/local/texlive/2013/texmf-dist/tex/generic/ifxetex/ifxetex.sty
Package: ifxetex 2010/09/12 v0.6 Provides ifxetex conditional
)
(/usr/local/texlive/2013/texmf-dist/tex/latex/oberdiek/auxhook.sty
Package: auxhook 2011/03/04 v1.3 Hooks for auxiliary files (HO)
)
(/usr/local/texlive/2013/texmf-dist/tex/latex/oberdiek/kvoptions.sty
Package: kvoptions 2011/06/30 v3.11 Key value format for package options (HO)
)
\@linkdim=\dimen117
\Hy@linkcounter=\count125
\Hy@pagecounter=\count126

(/usr/local/texlive/2013/texmf-dist/tex/latex/hyperref/pd1enc.def
File: pd1enc.def 2012/11/06 v6.83m Hyperref: PDFDocEncoding definition (HO)
)
\Hy@SavedSpaceFactor=\count127

(/usr/local/texlive/2013/texmf-dist/tex/latex/latexconfig/hyperref.cfg
File: hyperref.cfg 2002/06/06 v1.2 hyperref configuration of TeXLive
)
Package hyperref Info: Hyper figures OFF on input line 4443.
Package hyperref Info: Link nesting OFF on input line 4448.
Package hyperref Info: Hyper index ON on input line 4451.
Package hyperref Info: Plain pages OFF on input line 4458.
Package hyperref Info: Backreferencing OFF on input line 4463.
Package hyperref Info: Implicit mode ON; LaTeX internals redefined.
Package hyperref Info: Bookmarks ON on input line 4688.
\c@Hy@tempcnt=\count128

(/usr/local/texlive/2013/texmf-dist/tex/latex/url/url.sty
\Urlmuskip=\muskip10
Package: url 2006/04/12  ver 3.3  Verb mode for urls, etc.
)
LaTeX Info: Redefining \url on input line 5041.
\XeTeXLinkMargin=\dimen118
\Fld@menulength=\count129
\Field@Width=\dimen119
\Fld@charsize=\dimen120
Package hyperref Info: Hyper figures OFF on input line 6295.
Package hyperref Info: Link nesting OFF on input line 6300.
Package hyperref Info: Hyper index ON on input line 6303.
Package hyperref Info: backreferencing OFF on input line 6310.
Package hyperref Info: Link coloring OFF on input line 6315.
Package hyperref Info: Link coloring with OCG OFF on input line 6320.
Package hyperref Info: PDF/A mode OFF on input line 6325.
LaTeX Info: Redefining \ref on input line 6365.
LaTeX Info: Redefining \pageref on input line 6369.
\Hy@abspage=\count130
\c@Item=\count131
\c@Hfootnote=\count132
)

Package hyperref Message: Driver: hpdftex.

(/usr/local/texlive/2013/texmf-dist/tex/latex/hyperref/hpdftex.def
File: hpdftex.def 2012/11/06 v6.83m Hyperref driver for pdfTeX
\Fld@listcount=\count133
\c@bookmark@seq@number=\count134

(/usr/local/texlive/2013/texmf-dist/tex/latex/oberdiek/rerunfilecheck.sty
Package: rerunfilecheck 2011/04/15 v1.7 Rerun checks for auxiliary files (HO)
Package uniquecounter Info: New unique counter `rerunfilecheck' on input line 2
82.
)
\Hy@SectionHShift=\skip49
)
(/usr/local/texlive/2013/texmf-dist/tex/latex/graphics/color.sty
Package: color 2005/11/14 v1.0j Standard LaTeX Color (DPC)

(/usr/local/texlive/2013/texmf-dist/tex/latex/latexconfig/color.cfg
File: color.cfg 2007/01/18 v1.5 color configuration of teTeX/TeXLive
)
Package color Info: Driver file: pdftex.def on input line 130.
)
(/usr/local/texlive/2013/texmf-dist/tex/latex/base/textcomp.sty
Package: textcomp 2005/09/27 v1.99g Standard LaTeX package
Package textcomp Info: Sub-encoding information:
(textcomp)               5 = only ISO-Adobe without \textcurrency
(textcomp)               4 = 5 + \texteuro
(textcomp)               3 = 4 + \textohm
(textcomp)               2 = 3 + \textestimated + \textcurrency
(textcomp)               1 = TS1 - \textcircled - \t
(textcomp)               0 = TS1 (full)
(textcomp)             Font families with sub-encoding setting implement
(textcomp)             only a restricted character set as indicated.
(textcomp)             Family '?' is the default used for unknown fonts.
(textcomp)             See the documentation for details.
Package textcomp Info: Setting ? sub-encoding to TS1/1 on input line 71.
Package textcomp Info: Changing ? sub-encoding to TS1/1 on input line 72.

(/usr/local/texlive/2013/texmf-dist/tex/latex/base/ts1enc.def
File: ts1enc.def 2001/06/05 v3.0e (jk/car/fm) Standard LaTeX file
)
LaTeX Info: Redefining \oldstylenums on input line 266.
)
(/usr/local/texlive/2013/texmf-dist/tex/latex/pdfpages/pdfpages.sty
Package: pdfpages 2012/08/31 v0.4t Insert pages of external PDF documents (AM)

(/usr/local/texlive/2013/texmf-dist/tex/latex/base/ifthen.sty
Package: ifthen 2001/05/26 v1.1c Standard LaTeX ifthen package (DPC)
)
(/usr/local/texlive/2013/texmf-dist/tex/latex/tools/calc.sty
Package: calc 2007/08/22 v4.3 Infix arithmetic (KKT,FJ)
\calc@Acount=\count135
\calc@Bcount=\count136
\calc@Adimen=\dimen121
\calc@Bdimen=\dimen122
\calc@Askip=\skip50
\calc@Bskip=\skip51
LaTeX Info: Redefining \setlength on input line 76.
LaTeX Info: Redefining \addtolength on input line 77.
\calc@Ccount=\count137
\calc@Cskip=\skip52
)
(/usr/local/texlive/2013/texmf-dist/tex/latex/eso-pic/eso-pic.sty
Package: eso-pic 2010/10/06 v2.0c eso-pic (RN)
)
(/usr/local/texlive/2013/texmf-dist/tex/latex/pdfpages/pppdftex.def
File: pppdftex.def 2012/08/31 v0.4t Pdfpages driver for pdfTeX (AM)
)
\AM@pagebox=\box26
\AM@toc@title=\toks18
\c@AM@survey=\count138
\AM@templatesizebox=\box27
)
(./AnnualReport2014.aux)
\openout1 = `AnnualReport2014.aux'.

LaTeX Font Info:    Checking defaults for OML/cmm/m/it on input line 65.
LaTeX Font Info:    ... okay on input line 65.
LaTeX Font Info:    Checking defaults for T1/cmr/m/n on input line 65.
LaTeX Font Info:    ... okay on input line 65.
LaTeX Font Info:    Checking defaults for OT1/cmr/m/n on input line 65.
LaTeX Font Info:    ... okay on input line 65.
LaTeX Font Info:    Checking defaults for OMS/cmsy/m/n on input line 65.
LaTeX Font Info:    ... okay on input line 65.
LaTeX Font Info:    Checking defaults for OMX/cmex/m/n on input line 65.
LaTeX Font Info:    ... okay on input line 65.
LaTeX Font Info:    Checking defaults for U/cmr/m/n on input line 65.
LaTeX Font Info:    ... okay on input line 65.
LaTeX Font Info:    Checking defaults for PD1/pdf/m/n on input line 65.
LaTeX Font Info:    ... okay on input line 65.
LaTeX Font Info:    Checking defaults for TS1/cmr/m/n on input line 65.
LaTeX Font Info:    Try loading font information for TS1+cmr on input line 65.

(/usr/local/texlive/2013/texmf-dist/tex/latex/base/ts1cmr.fd
File: ts1cmr.fd 1999/05/25 v2.5h Standard LaTeX font definitions
)
LaTeX Font Info:    ... okay on input line 65.
LaTeX Font Info:    Try loading font information for OT1+ptm on input line 65.

(/usr/local/texlive/2013/texmf-dist/tex/latex/psnfss/ot1ptm.fd
File: ot1ptm.fd 2001/06/04 font definitions for OT1/ptm.
)
(/usr/local/texlive/2013/texmf-dist/tex/context/base/supp-pdf.mkii
[Loading MPS to PDF converter (version 2006.09.02).]
\scratchcounter=\count139
\scratchdimen=\dimen123
\scratchbox=\box28
\nofMPsegments=\count140
\nofMParguments=\count141
\everyMPshowfont=\toks19
\MPscratchCnt=\count142
\MPscratchDim=\dimen124
\MPnumerator=\count143
\makeMPintoPDFobject=\count144
\everyMPtoPDFconversion=\toks20
) (/usr/local/texlive/2013/texmf-dist/tex/latex/oberdiek/epstopdf-base.sty
Package: epstopdf-base 2010/02/09 v2.5 Base part for package epstopdf

(/usr/local/texlive/2013/texmf-dist/tex/latex/oberdiek/grfext.sty
Package: grfext 2010/08/19 v1.1 Manage graphics extensions (HO)
)
Package grfext Info: Graphics extension search list:
(grfext)             [.png,.pdf,.jpg,.mps,.jpeg,.jbig2,.jb2,.PNG,.PDF,.JPG,.JPE
G,.JBIG2,.JB2,.eps]
(grfext)             \AppendGraphicsExtensions on input line 452.

(/usr/local/texlive/2013/texmf-dist/tex/latex/latexconfig/epstopdf-sys.cfg
File: epstopdf-sys.cfg 2010/07/13 v1.3 Configuration of (r)epstopdf for TeX Liv
e
))
\AtBeginShipoutBox=\box29
Package hyperref Info: Link coloring OFF on input line 65.

(/usr/local/texlive/2013/texmf-dist/tex/latex/hyperref/nameref.sty
Package: nameref 2012/10/27 v2.43 Cross-referencing by name of section

(/usr/local/texlive/2013/texmf-dist/tex/generic/oberdiek/gettitlestring.sty
Package: gettitlestring 2010/12/03 v1.4 Cleanup title references (HO)
)
\c@section@level=\count145
)
LaTeX Info: Redefining \ref on input line 65.
LaTeX Info: Redefining \pageref on input line 65.
LaTeX Info: Redefining \nameref on input line 65.

(./AnnualReport2014.out) (./AnnualReport2014.out)
\@outlinefile=\write4
\openout4 = `AnnualReport2014.out'.

LaTeX Font Info:    Font shape `OT1/ptm/bx/n' in size <17.28> not available
(Font)              Font shape `OT1/ptm/b/n' tried instead on input line 123.
LaTeX Font Info:    Font shape `OT1/ptm/bx/n' in size <24.88> not available
(Font)              Font shape `OT1/ptm/b/n' tried instead on input line 123.
LaTeX Font Info:    Try loading font information for U+msa on input line 123.

(/usr/local/texlive/2013/texmf-dist/tex/latex/amsfonts/umsa.fd
File: umsa.fd 2013/01/14 v3.01 AMS symbols A
)
LaTeX Font Info:    Try loading font information for U+msb on input line 123.

(/usr/local/texlive/2013/texmf-dist/tex/latex/amsfonts/umsb.fd
File: umsb.fd 2013/01/14 v3.01 AMS symbols B
)
LaTeX Font Info:    Font shape `OT1/ptm/bx/n' in size <12> not available
(Font)              Font shape `OT1/ptm/b/n' tried instead on input line 123.
 [1
Non-PDF special ignored!

{/usr/local/texlive/2013/texmf-var/fonts/map/pdftex/updmap/pdftex.map}]
LaTeX Font Info:    Font shape `OT1/ptm/bx/n' in size <10.95> not available
(Font)              Font shape `OT1/ptm/b/n' tried instead on input line 136.

Underfull \hbox (badness 10000) in paragraph at lines 183--198

 []


Underfull \hbox (badness 10000) in paragraph at lines 183--198

 []


Underfull \hbox (badness 10000) in paragraph at lines 183--198

 []


Underfull \hbox (badness 10000) in paragraph at lines 183--198

 []


Underfull \hbox (badness 10000) in paragraph at lines 183--198

 []


Underfull \hbox (badness 10000) in paragraph at lines 183--198

 []

[2] [3]
LaTeX Font Info:    Font shape `OT1/ptm/bx/n' in size <14.4> not available
(Font)              Font shape `OT1/ptm/b/n' tried instead on input line 201.
 (./AnnualReport2014.toc)
\tf@toc=\write5
\openout5 = `AnnualReport2014.toc'.

 [4] [5] (./AR2014_introduction.tex
LaTeX Font Info:    Try loading font information for OT1+pcr on input line 29.

(/usr/local/texlive/2013/texmf-dist/tex/latex/psnfss/ot1pcr.fd
File: ot1pcr.fd 2001/06/04 font definitions for OT1/pcr.
)pdfTeX warning (ext4): destination with the same identifier (name{page.5}) has
 been already used, duplicate ignored
<to be read again> 
                   \relax 
l.32 \clearpage
                [5] [6

]) [7

] (./AR2014_organization.tex
LaTeX Font Info:    Try loading font information for TS1+ptm on input line 10.

(/usr/local/texlive/2013/texmf-dist/tex/latex/psnfss/ts1ptm.fd
File: ts1ptm.fd 2001/06/04 font definitions for TS1/ptm.
) [8]
<./matlab/incomecost_color.png, id=236, 156.1032pt x 166.9437pt>
File: ./matlab/incomecost_color.png Graphic file (type png)

<use ./matlab/incomecost_color.png>
Package pdftex.def Info: ./matlab/incomecost_color.png used on input line 59.
(pdftex.def)             Requested size: 295.90587pt x 316.47282pt.
 [9] [10 <./matlab/incomecost_color.png>]
[11

]) [12] (./AR2014_undergraduate.tex
LaTeX Font Info:    Font shape `OT1/ptm/bx/n' in size <10> not available
(Font)              Font shape `OT1/ptm/b/n' tried instead on input line 33.
 (./AR2014_mastersthesis.tex [13]
[14] [15] [16] [17])) [18] (./AR2014_graduate.tex [19] [20] [21] [22] [23]
Underfull \hbox (badness 10000) in paragraph at lines 188--197

 []

) [24] (./AR2014_research.tex
LaTeX Font Info:    Font shape `TS1/ptm/bx/n' in size <10.95> not available
(Font)              Font shape `TS1/ptm/b/n' tried instead on input line 43.

Overfull \hbox (0.91776pt too wide) in paragraph at lines 63--71
\OT1/ptm/m/it/10.95 Partners: \OT1/ptm/m/n/10.95 Gary Chinga, Nor-we-gian Pulp 
and Fi-bre Re-search In-sti-tute, Trond-heim, Nor-way; Cather-
 []


Underfull \hbox (badness 10000) in paragraph at lines 63--71

 []

[25] <figures/research/eric.png, id=364, 687.90334pt x 758.835pt>
File: figures/research/eric.png Graphic file (type png)

<use figures/research/eric.png>
Package pdftex.def Info: figures/research/eric.png used on input line 107.
(pdftex.def)             Requested size: 218.51521pt x 241.04901pt.
 [26 <./figures/research/eric.png>] [27]
[28

]
<figures/research/MiniTEM_Instrumentsmallercut.png, id=385, 364.36125pt x 446.6
6875pt>
File: figures/research/MiniTEM_Instrumentsmallercut.png Graphic file (type png)

 <use figures/research/MiniTEM_Instrumentsmallercut.png>
Package pdftex.def Info: figures/research/MiniTEM_Instrumentsmallercut.png used
 on input line 194.
(pdftex.def)             Requested size: 182.09485pt x 223.22476pt.

<figures/research/MiniTEMGUIAR2013screenshot.png, id=386, 216.81pt x 161.2935pt
>
File: figures/research/MiniTEMGUIAR2013screenshot.png Graphic file (type png)
 <use figures/research/MiniTEMGUIAR2013screenshot.png>
Package pdftex.def Info: figures/research/MiniTEMGUIAR2013screenshot.png used o
n input line 195.
(pdftex.def)             Requested size: 182.09485pt x 135.47331pt.

<figures/research/MiniTEMKidneyforAR2013.png, id=387, 2055.68pt x 2055.68pt>
File: figures/research/MiniTEMKidneyforAR2013.png Graphic file (type png)

<use figures/research/MiniTEMKidneyforAR2013.png>
Package pdftex.def Info: figures/research/MiniTEMKidneyforAR2013.png used on in
put line 196.
(pdftex.def)             Requested size: 182.09485pt x 182.08607pt.

<figures/research/MiniTEMAdenoRotaAr2013_FOV500nm.png, id=388, 319.1925pt x 319
.1925pt>
File: figures/research/MiniTEMAdenoRotaAr2013_FOV500nm.png Graphic file (type p
ng)
 <use figures/research/MiniTEMAdenoRotaAr2013_FOV500nm.png>
Package pdftex.def Info: figures/research/MiniTEMAdenoRotaAr2013_FOV500nm.png u
sed on input line 197.
(pdftex.def)             Requested size: 182.09485pt x 182.09259pt.

Overfull \hbox (2.48212pt too wide) in paragraph at lines 213--220
\OT1/ptm/m/n/10.95 im-age ac-qui-si-tion tech-nique for single-molecule lo-cal-
iza-tion. Like other stochas-tic super-resolution
 []

[29 <./figures/research/MiniTEM_Instrumentsmallercut.png (PNG copy)> <./figures
/research/MiniTEMGUIAR2013screenshot.png> <./figures/research/MiniTEMKidneyforA
R2013.png (PNG copy)> <./figures/research/MiniTEMAdenoRotaAr2013_FOV500nm.png (
PNG copy)>]
LaTeX Font Info:    Font shape `OT1/ptm/bx/it' in size <10.95> not available
(Font)              Font shape `OT1/ptm/b/it' tried instead on input line 225.
 <figures/research/insitumrna.png, id=400, 455.301pt x 162.3666pt>
File: figures/research/insitumrna.png Graphic file (type png)

<use figures/research/insitumrna.png>
Package pdftex.def Info: figures/research/insitumrna.png used on input line 234
.
(pdftex.def)             Requested size: 386.96024pt x 137.99986pt.
 [30 <./figures/research/insitumrna.png>]
<figures/research/kristinapipeline.pdf, id=415, 619.39719pt x 279.68188pt>
File: figures/research/kristinapipeline.pdf Graphic file (type pdf)

<use figures/research/kristinapipeline.pdf>
Package pdftex.def Info: figures/research/kristinapipeline.pdf used on input li
ne 268.
(pdftex.def)             Requested size: 318.66946pt x 143.8948pt.

<figures/research/kristinacomparison.pdf, id=416, 511.3232pt x 369.79828pt>
File: figures/research/kristinacomparison.pdf Graphic file (type pdf)

<use figures/research/kristinacomparison.pdf>
Package pdftex.def Info: figures/research/kristinacomparison.pdf used on input 
line 276.
(pdftex.def)             Requested size: 318.66946pt x 230.4688pt.
 [31]
Overfull \hbox (1.72855pt too wide) in paragraph at lines 290--297
\OT1/ptm/m/it/10.95 Partners: \OT1/ptm/m/n/10.95 Sven Nelander, Karin Forsberg-
Nilsson, Irina Ala-fu-zoff, Ulf Lan-de-gren, Anna Segerman,
 []


Underfull \vbox (badness 1112) has occurred while \output is active []

 [32 <./figures/research/kristinapipeline.pdf> <./figures/research/kristinacomp
arison.pdf

pdfTeX warning: /usr/texbin/pdflatex (file ./figures/research/kristinacompariso
n.pdf): PDF inclusion: multiple pdfs with page group included in a single page
>] <figures/research/stemcell.png, id=469, 455.301pt x 160.4394pt>
File: figures/research/stemcell.png Graphic file (type png)

<use figures/research/stemcell.png>
Package pdftex.def Info: figures/research/stemcell.png used on input line 301.
(pdftex.def)             Requested size: 386.96024pt x 136.3619pt.

Overfull \hbox (27.29567pt too wide) in paragraph at lines 310--317
\OT1/ptm/m/it/10.95 Abstract: \OT1/ptm/m/n/10.95 The corneal en-dothe-lium play
s a key role in main-tain-ing the trans-parency of the cornea.Because
 []

[33 <./figures/research/stemcell.png>] [34]
<figures/research/ecoliseg.png, id=488, 384.4764pt x 151.2852pt>
File: figures/research/ecoliseg.png Graphic file (type png)

<use figures/research/ecoliseg.png>
Package pdftex.def Info: figures/research/ecoliseg.png used on input line 369.
(pdftex.def)             Requested size: 386.96024pt x 152.26358pt.

Overfull \hbox (4.83794pt too wide) in paragraph at lines 380--388
\OT1/ptm/m/it/10.95 Funding: \OT1/ptm/m/n/10.95 TN-faculty, UU; S-faculty, SLU;
 VIN-N-MER pro-gramme, Swedish Gov-ern-men-tal Agency
 []

[35 <./figures/research/ecoliseg.png>]
<figures/research/5class.pdf, id=498, 1265.72874pt x 647.41875pt>
File: figures/research/5class.pdf Graphic file (type pdf)

<use figures/research/5class.pdf>
Package pdftex.def Info: figures/research/5class.pdf used on input line 403.
(pdftex.def)             Requested size: 364.19664pt x 186.28456pt.
 [36 <./figures/research/5class.pdf>]
<figures/research/userinterfaceprostate.png, id=516, 181.1568pt x 114.1866pt>
File: figures/research/userinterfaceprostate.png Graphic file (type png)

<use figures/research/userinterfaceprostate.png>
Package pdftex.def Info: figures/research/userinterfaceprostate.png used on inp
ut line 442.
(pdftex.def)             Requested size: 273.14922pt x 172.1698pt.

<figures/research/segglandpros.png, id=517, 164.2938pt x 114.1866pt>
File: figures/research/segglandpros.png Graphic file (type png)

<use figures/research/segglandpros.png>
Package pdftex.def Info: figures/research/segglandpros.png used on input line 4
49.
(pdftex.def)             Requested size: 182.09485pt x 126.5674pt.

<figures/research/segnucleipros.png, id=518, 165.2574pt x 114.1866pt>
File: figures/research/segnucleipros.png Graphic file (type png)

<use figures/research/segnucleipros.png>
Package pdftex.def Info: figures/research/segnucleipros.png used on input line 
450.
(pdftex.def)             Requested size: 182.09485pt x 125.82516pt.
 [37]
Overfull \hbox (1.88101pt too wide) in paragraph at lines 476--482
\OT1/ptm/m/it/10.95 Partners: \OT1/ptm/m/n/10.95 Mats Nils-son, Thomas Haul-ing
, Marco Mignardi, Jes-sica Sved-lund, Elin Lundin,Xiaoyan
 []

[38 <./figures/research/userinterfaceprostate.png> <./figures/research/seggland
pros.png> <./figures/research/segnucleipros.png>] [39]
<figures/research/haptic1.png, id=542, 213.525pt x 156.366pt>
File: figures/research/haptic1.png Graphic file (type png)

<use figures/research/haptic1.png>
Package pdftex.def Info: figures/research/haptic1.png used on input line 551.
(pdftex.def)             Requested size: 170.72247pt x 128.04198pt.

<figures/research/haptic2.png, id=543, 213.1965pt x 156.366pt>
File: figures/research/haptic2.png Graphic file (type png)

<use figures/research/haptic2.png>
Package pdftex.def Info: figures/research/haptic2.png used on input line 551.
(pdftex.def)             Requested size: 170.72008pt x 128.04198pt.

<figures/research/haptic3.png, id=545, 241.27061pt x 344.6723pt>
File: figures/research/haptic3.png Graphic file (type png)

<use figures/research/haptic3.png>
Package pdftex.def Info: figures/research/haptic3.png used on input line 551.
(pdftex.def)             Requested size: 82.51318pt x 142.26848pt.

<figures/research/haptic4.png, id=546, 240.15877pt x 344.6723pt>
File: figures/research/haptic4.png Graphic file (type png)

<use figures/research/haptic4.png>
Package pdftex.def Info: figures/research/haptic4.png used on input line 551.
(pdftex.def)             Requested size: 82.51039pt x 142.26848pt.

<figures/research/haptic5.png, id=547, 241.27061pt x 344.6723pt>
File: figures/research/haptic5.png Graphic file (type png)

<use figures/research/haptic5.png>
Package pdftex.def Info: figures/research/haptic5.png used on input line 551.
(pdftex.def)             Requested size: 82.51318pt x 142.26848pt.

<figures/research/haptic6.png, id=548, 240.15877pt x 344.6723pt>
File: figures/research/haptic6.png Graphic file (type png)

<use figures/research/haptic6.png>
Package pdftex.def Info: figures/research/haptic6.png used on input line 551.
(pdftex.def)             Requested size: 82.51039pt x 142.26848pt.


LaTeX Warning: `!h' float specifier changed to `!ht'.

[40

 <./figures/research/haptic1.png> <./figures/research/haptic2.png>]
<figures/research/haptic7.jpg, id=560, 829.9005pt x 183.084pt>
File: figures/research/haptic7.jpg Graphic file (type jpg)

<use figures/research/haptic7.jpg>
Package pdftex.def Info: figures/research/haptic7.jpg used on input line 551.
(pdftex.def)             Requested size: 355.65991pt x 91.05008pt.
 [41 <./figures/research/haptic3.png> <./figures/research/haptic4.png> <./figur
es/research/haptic5.png> <./figures/research/haptic6.png> <./figures/research/h
aptic7.jpg>]
<figures/research/proviz_search_and_score_volumes.PNG, id=576, 649.2255pt x 318
.59026pt>
File: figures/research/proviz_search_and_score_volumes.PNG Graphic file (type p
ng)
 <use figures/research/proviz_search_and_score_volumes.PNG>
Package pdftex.def Info: figures/research/proviz_search_and_score_volumes.PNG u
sed on input line 571.
(pdftex.def)             Requested size: 409.71689pt x 201.05807pt.
 [42 <./figures/research/proviz_search_and_score_volumes.PNG>]
<figures/research/interactive_image_registration.png, id=587, 1100.11pt x 669.5
0125pt>
File: figures/research/interactive_image_registration.png Graphic file (type pn
g)
 <use figures/research/interactive_image_registration.png>
Package pdftex.def Info: figures/research/interactive_image_registration.png us
ed on input line 604.
(pdftex.def)             Requested size: 295.90587pt x 180.0833pt.
 [43 <./figures/research/interactive_image_registration.png>]
<figures/research/SP_Screenshot.png, id=599, 1267.73625pt x 803.0pt>
File: figures/research/SP_Screenshot.png Graphic file (type png)

<use figures/research/SP_Screenshot.png>
Package pdftex.def Info: figures/research/SP_Screenshot.png used on input line 
623.
(pdftex.def)             Requested size: 273.14922pt x 173.00922pt.

Overfull \hbox (1.95564pt too wide) in paragraph at lines 631--647
\OT1/ptm/m/it/10.95 Abstract: \OT1/ptm/m/n/10.95 A cen-tral prob-lem in cranio-
maxillofacial (CMF) surgery is to re-store the nor-mal anatomy
 []

[44 <./figures/research/SP_Screenshot.png>]
<figures/research/orbit_project_figure1.png, id=609, 711.65875pt x 914.41624pt>
File: figures/research/orbit_project_figure1.png Graphic file (type png)
<use figures/research/orbit_project_figure1.png>
Package pdftex.def Info: figures/research/orbit_project_figure1.png used on inp
ut line 647.
(pdftex.def)             Requested size: 213.39067pt x 256.07666pt.
 [45 <./figures/research/orbit_project_figure1.png>]
<figures/research/orbit_project_figure2.png, id=618, 1129.21875pt x 752.8125pt>
File: figures/research/orbit_project_figure2.png Graphic file (type png)
<use figures/research/orbit_project_figure2.png>
Package pdftex.def Info: figures/research/orbit_project_figure2.png used on inp
ut line 651.
(pdftex.def)             Requested size: 409.71689pt x 273.14886pt.
 [46 <./figures/research/orbit_project_figure2.png>]
<figures/research/wrist_project_figure1a.png, id=627, 249.2069pt x 401.72151pt>
File: figures/research/wrist_project_figure1a.png Graphic file (type png)
<use figures/research/wrist_project_figure1a.png>
Package pdftex.def Info: figures/research/wrist_project_figure1a.png used on in
put line 672.
(pdftex.def)             Requested size: 182.09485pt x 293.53622pt.

<figures/research/wrist_project_figure1b.png, id=628, 476.59135pt x 768.27568pt
>
File: figures/research/wrist_project_figure1b.png Graphic file (type png)
 <use figures/research/wrist_project_figure1b.png>
Package pdftex.def Info: figures/research/wrist_project_figure1b.png used on in
put line 674.
(pdftex.def)             Requested size: 182.09485pt x 293.54211pt.
 [47 <./figures/research/wrist_project_figure1a.png> <./figures/research/wrist_
project_figure1b.png>]
[48] [49

]
Overfull \hbox (3.06407pt too wide) in paragraph at lines 770--770
[]\OT1/ptm/m/n/10.95 weight se-quence dis-tance func-tions, where weighted neig
h-bor-hood se-quences of in-finte length
 []

[50] [51] <figures/research/cba_ar.png, id=661, 282.93706pt x 219.9417pt>
File: figures/research/cba_ar.png Graphic file (type png)

<use figures/research/cba_ar.png>
Package pdftex.def Info: figures/research/cba_ar.png used on input line 834.
(pdftex.def)             Requested size: 273.14922pt x 212.35315pt.
 [52

 <./figures/research/cba_ar.png>]
<figures/research/foce_all.png, id=671, 264.99pt x 277.63725pt>
File: figures/research/foce_all.png Graphic file (type png)

<use figures/research/foce_all.png>
Package pdftex.def Info: figures/research/foce_all.png used on input line 853.
(pdftex.def)             Requested size: 273.14922pt x 286.20679pt.
 [53 <./figures/research/foce_all.png>]
<figures/research/bees1.png, id=680, 1622.06pt x 995.72pt>
File: figures/research/bees1.png Graphic file (type png)

<use figures/research/bees1.png>
Package pdftex.def Info: figures/research/bees1.png used on input line 907.
(pdftex.def)             Requested size: 386.96024pt x 237.5343pt.
 [54]
<figures/research/fritjof.pdf, id=691, 318.18875pt x 198.7425pt>
File: figures/research/fritjof.pdf Graphic file (type pdf)

<use figures/research/fritjof.pdf>
Package pdftex.def Info: figures/research/fritjof.pdf used on input line 923.
(pdftex.def)             Requested size: 273.14922pt x 170.60892pt.
 [55 <./figures/research/bees1.png (PNG copy)> <./figures/research/fritjof.pdf>
] [56]) (./AR2014_copartners.tex [57

]
[58]) (./AR2014_publications.tex
<./figures/CBA_pub_2013.pdf, id=720, 844.95674pt x 597.432pt>
File: ./figures/CBA_pub_2013.pdf Graphic file (type pdf)

<use ./figures/CBA_pub_2013.pdf>
Package pdftex.def Info: ./figures/CBA_pub_2013.pdf used on input line 29.
(pdftex.def)             Requested size: 742.775pt x 421.575pt.
 [59 <./figures/CBA_pub_2013.pdf>] [60]
[61] [62] [63] [64] [65] [66] [67] [68] [69]
Overfull \hbox (24.02638pt too wide) in paragraph at lines 382--392
\OT1/ptm/m/n/10 (1) Julius Wolff In-sti-tute and Berlin-Brandenburg School for 
Re-gen-er-a-tive Ther-a-pies, Charit[]e Uni-ver-sit[]atsmedizin,
 []

[70

]
Overfull \hbox (1.53711pt too wide) in paragraph at lines 415--422
\OT1/ptm/m/it/10 In Pro-ceed-ings: \OT1/ptm/m/n/10 2nd In-ter-na-tional Con-fer
-ence on Pat-tern Recog-ni-tion Ap-pli-ca-tions and Meth-ods (ICPRAM),
 []

[71] [72] [73] [74] [75]
Overfull \hbox (5.98703pt too wide) in paragraph at lines 562--567
\OT1/ptm/m/it/10 In Pro-ceed-ings: \OT1/ptm/m/n/10 9th In-ter-na-tional Sym-po-
sium on Vi-sual Com-put-ing, Ad-vances in Vi-sual Com-put-ing, Rethym-
 []

[76] [77] [78]) [79] (./AR2014_activities.tex
Underfull \hbox (badness 10000) in paragraph at lines 77--86

 []


Underfull \hbox (badness 10000) in paragraph at lines 86--95

 []


Underfull \hbox (badness 10000) in paragraph at lines 95--102

 []

[80]
Underfull \hbox (badness 10000) in paragraph at lines 102--111

 []


Underfull \hbox (badness 10000) in paragraph at lines 111--120

 []


Underfull \hbox (badness 10000) in paragraph at lines 120--128

 []


Underfull \hbox (badness 10000) in paragraph at lines 128--137

 []


Underfull \hbox (badness 10000) in paragraph at lines 137--144

 []


Underfull \hbox (badness 10000) in paragraph at lines 144--159

 []


Underfull \hbox (badness 10000) in paragraph at lines 159--166

 []

[81]
Underfull \hbox (badness 10000) in paragraph at lines 166--171

 []


Underfull \hbox (badness 10000) in paragraph at lines 179--186

 []


Underfull \hbox (badness 10000) in paragraph at lines 186--207

 []


Underfull \hbox (badness 10000) in paragraph at lines 207--213

 []


Underfull \hbox (badness 10000) in paragraph at lines 213--219

 []


Underfull \hbox (badness 10000) in paragraph at lines 219--226

 []


Underfull \hbox (badness 10000) in paragraph at lines 226--233

 []


Underfull \hbox (badness 10000) in paragraph at lines 233--240

 []

[82]
Underfull \hbox (badness 10000) in paragraph at lines 240--246

 []


Underfull \hbox (badness 10000) in paragraph at lines 246--253

 []


Underfull \hbox (badness 10000) in paragraph at lines 253--261

 []


Underfull \hbox (badness 10000) in paragraph at lines 261--268

 []


Underfull \hbox (badness 10000) in paragraph at lines 268--273

 []

[83] [84]
Underfull \hbox (badness 10000) in paragraph at lines 465--473

 []

[85]
Underfull \hbox (badness 10000) in paragraph at lines 473--481

 []


Underfull \hbox (badness 10000) in paragraph at lines 481--489

 []


Underfull \hbox (badness 10000) in paragraph at lines 489--498

 []


Underfull \hbox (badness 10000) in paragraph at lines 498--506

 []


Underfull \hbox (badness 10000) in paragraph at lines 506--514

 []


Underfull \hbox (badness 10000) in paragraph at lines 514--522

 []


Underfull \hbox (badness 10000) in paragraph at lines 522--529

 []

[86]
Underfull \hbox (badness 10000) in paragraph at lines 532--540

 []


Underfull \hbox (badness 10000) in paragraph at lines 540--548

 []


Underfull \hbox (badness 10000) in paragraph at lines 548--556

 []


Underfull \hbox (badness 10000) in paragraph at lines 556--562

 []


Underfull \hbox (badness 10000) in paragraph at lines 569--578

 []


Underfull \hbox (badness 10000) in paragraph at lines 578--587

 []


Underfull \hbox (badness 10000) in paragraph at lines 587--595

 []


Underfull \hbox (badness 10000) in paragraph at lines 595--603

 []

[87]
Underfull \hbox (badness 10000) in paragraph at lines 603--611

 []


Underfull \hbox (badness 10000) in paragraph at lines 611--619

 []


Underfull \hbox (badness 10000) in paragraph at lines 619--627

 []


Underfull \hbox (badness 10000) in paragraph at lines 627--635

 []


Underfull \hbox (badness 10000) in paragraph at lines 635--642

 []


Underfull \hbox (badness 10000) in paragraph at lines 648--656

 []


Underfull \hbox (badness 10000) in paragraph at lines 656--664

 []


Underfull \hbox (badness 10000) in paragraph at lines 664--671

 []

[88]
Underfull \hbox (badness 10000) in paragraph at lines 671--679

 []


Underfull \hbox (badness 10000) in paragraph at lines 679--687

 []


Underfull \hbox (badness 10000) in paragraph at lines 687--693

 []


Underfull \hbox (badness 10000) in paragraph at lines 699--707

 []


Underfull \hbox (badness 10000) in paragraph at lines 707--715

 []


Underfull \hbox (badness 10000) in paragraph at lines 715--723

 []


Underfull \hbox (badness 10000) in paragraph at lines 723--731

 []


Underfull \hbox (badness 10000) in paragraph at lines 731--738

 []

[89]
Underfull \hbox (badness 10000) in paragraph at lines 738--746

 []


Underfull \hbox (badness 10000) in paragraph at lines 746--754

 []


Underfull \hbox (badness 10000) in paragraph at lines 754--761

 []


Underfull \hbox (badness 10000) in paragraph at lines 754--761

 []


Underfull \hbox (badness 10000) in paragraph at lines 767--776

 []


Underfull \hbox (badness 10000) in paragraph at lines 776--784

 []


Underfull \hbox (badness 10000) in paragraph at lines 784--792

 []


Underfull \hbox (badness 10000) in paragraph at lines 792--800

 []

[90]
Underfull \hbox (badness 10000) in paragraph at lines 800--808

 []


Underfull \hbox (badness 10000) in paragraph at lines 808--817

 []


Underfull \hbox (badness 10000) in paragraph at lines 817--825

 []


Underfull \hbox (badness 10000) in paragraph at lines 825--833

 []


Underfull \hbox (badness 10000) in paragraph at lines 833--841

 []


Underfull \hbox (badness 10000) in paragraph at lines 841--849

 []


Underfull \hbox (badness 10000) in paragraph at lines 849--855

 []


Underfull \hbox (badness 10000) in paragraph at lines 861--869

 []

[91]
Underfull \hbox (badness 10000) in paragraph at lines 869--876

 []


Underfull \hbox (badness 10000) in paragraph at lines 876--883

 []


Underfull \hbox (badness 10000) in paragraph at lines 883--891

 []


Underfull \hbox (badness 10000) in paragraph at lines 891--898

 []


Underfull \hbox (badness 10000) in paragraph at lines 898--905

 []


Underfull \hbox (badness 10000) in paragraph at lines 905--912

 []


Underfull \hbox (badness 10000) in paragraph at lines 912--919

 []


Underfull \hbox (badness 10000) in paragraph at lines 919--926

 []


Underfull \hbox (badness 10000) in paragraph at lines 926--933

 []


Underfull \hbox (badness 10000) in paragraph at lines 933--940

 []

[92]
Underfull \hbox (badness 10000) in paragraph at lines 940--948

 []


Underfull \hbox (badness 10000) in paragraph at lines 948--955

 []


Underfull \hbox (badness 10000) in paragraph at lines 955--962

 []


Underfull \hbox (badness 10000) in paragraph at lines 962--969

 []


Underfull \hbox (badness 10000) in paragraph at lines 969--976

 []


Underfull \hbox (badness 10000) in paragraph at lines 976--982

 []


Underfull \hbox (badness 10000) in paragraph at lines 982--990

 []


Underfull \hbox (badness 10000) in paragraph at lines 990--997

 []


Underfull \hbox (badness 10000) in paragraph at lines 997--1004

 []

[93]
Underfull \hbox (badness 10000) in paragraph at lines 1004--1012

 []


Underfull \hbox (badness 10000) in paragraph at lines 1012--1020

 []


Underfull \hbox (badness 10000) in paragraph at lines 1020--1028

 []


Underfull \hbox (badness 10000) in paragraph at lines 1028--1036

 []


Underfull \hbox (badness 10000) in paragraph at lines 1036--1043

 []


Underfull \hbox (badness 10000) in paragraph at lines 1043--1050

 []


Underfull \hbox (badness 10000) in paragraph at lines 1050--1058

 []


Underfull \hbox (badness 10000) in paragraph at lines 1058--1066

 []


Underfull \hbox (badness 10000) in paragraph at lines 1066--1069

 []

[94]
Underfull \hbox (badness 10000) in paragraph at lines 1076--1084

 []


Underfull \hbox (badness 10000) in paragraph at lines 1076--1084

 []


Underfull \hbox (badness 10000) in paragraph at lines 1103--1110

 []


Underfull \hbox (badness 10000) in paragraph at lines 1110--1116

 []

) [95] (./AR2014_committees.tex
<./figures/tidsskrifter_AR_2013.pdf, id=1113, 722.7pt x 542.025pt>
File: ./figures/tidsskrifter_AR_2013.pdf Graphic file (type pdf)

<use ./figures/tidsskrifter_AR_2013.pdf>
Package pdftex.def Info: ./figures/tidsskrifter_AR_2013.pdf used on input line 
24.
(pdftex.def)             Requested size: 521.95pt x 311.16249pt.

Overfull \hbox (5.12708pt too wide) in paragraph at lines 75--76
[]\OT1/ptm/m/n/10 Expert eval-u-a-tor for pro-pos-als to the Ital-ian Min-istry
 of Ed-u-ca-tion, In-dus-try and Re-search, Of-fice V, February-
 []


Underfull \hbox (badness 10000) in paragraph at lines 104--108

 []

[96 <./figures/tidsskrifter_AR_2013.pdf>]
Underfull \hbox (badness 10000) in paragraph at lines 129--133

 []


Underfull \hbox (badness 10000) in paragraph at lines 133--136

 []

[97]
Underfull \hbox (badness 10000) in paragraph at lines 295--296

 []

[98]
Overfull \hbox (6.19655pt too wide) in paragraph at lines 386--389
[]\OT1/ptm/m/n/10 Programme Com-mit-tee, 22nd In-ter-na-tional Con-fer-ence on 
In-tel-li-gent Sys-tems for Molec-u-lar Bi-ol-ogy, Boston,
 []

[99]
Underfull \hbox (badness 10000) in paragraph at lines 418--424

 []


Underfull \hbox (badness 10000) in paragraph at lines 424--428

 []


Overfull \hbox (4.81673pt too wide) in paragraph at lines 493--496
[]\OT1/ptm/m/n/10 Expert eval-u-a-tor for the ap-pli-ca-tion of Claes Lund-str[
]om to be-come As-so-ciate Pro-fes-sor (Do-cent) at Link[]oping
 []

[100] [101])
Package atveryend Info: Empty hook `BeforeClearDocument' on input line 238.
 [102]
Package atveryend Info: Empty hook `AfterLastShipout' on input line 238.
 (./AnnualReport2014.aux)
Package atveryend Info: Executing hook `AtVeryEndDocument' on input line 238.
Package atveryend Info: Executing hook `AtEndAfterFileList' on input line 238.
Package rerunfilecheck Info: File `AnnualReport2014.out' has not changed.
(rerunfilecheck)             Checksum: 0E0C8B66B9796EB749501CE666475826;2368.
Package atveryend Info: Empty hook `AtVeryVeryEnd' on input line 238.
 )
(\end occurred inside a group at level 3)

### simple group (level 3) entered at line 411 ({)
### simple group (level 2) entered at line 115 ({)
### simple group (level 1) entered at line 76 ({)
### bottom level 
Here is how much of TeX's memory you used:
 7870 strings out of 493315
 117790 string characters out of 6137905
 199972 words of memory out of 5000000
 10632 multiletter control sequences out of 15000+600000
 34501 words of font info for 80 fonts, out of 8000000 for 9000
 959 hyphenation exceptions out of 8191
 34i,12n,29p,2491b,661s stack positions out of 5000i,500n,10000p,200000b,80000s
{/usr/local/texlive/2013/texmf-dist/fonts/enc/dvips/base/8r.enc
}</usr/local/texlive/2013/texmf-dist/fonts/type1/public/amsfonts/cm/cmmi10.pfb>
</usr/local/texlive/2013/texmf-dist/fonts/type1/public/amsfonts/cm/cmmi7.pfb></
usr/local/texlive/2013/texmf-dist/fonts/type1/public/amsfonts/cm/cmmi8.pfb></us
r/local/texlive/2013/texmf-dist/fonts/type1/public/amsfonts/cm/cmr10.pfb></usr/
local/texlive/2013/texmf-dist/fonts/type1/public/amsfonts/cm/cmr7.pfb></usr/loc
al/texlive/2013/texmf-dist/fonts/type1/public/amsfonts/cm/cmr8.pfb></usr/local/
texlive/2013/texmf-dist/fonts/type1/public/amsfonts/cm/cmsy10.pfb></usr/local/t
exlive/2013/texmf-dist/fonts/type1/public/amsfonts/symbols/msbm10.pfb></usr/loc
al/texlive/2013/texmf-dist/fonts/type1/urw/courier/ucrr8a.pfb></usr/local/texli
ve/2013/texmf-dist/fonts/type1/urw/times/utmb8a.pfb></usr/local/texlive/2013/te
xmf-dist/fonts/type1/urw/times/utmbi8a.pfb></usr/local/texlive/2013/texmf-dist/
fonts/type1/urw/times/utmr8a.pfb></usr/local/texlive/2013/texmf-dist/fonts/type
1/urw/times/utmri8a.pfb>
Output written on AnnualReport2014.pdf (103 pages, 22460348 bytes).
PDF statistics:
 1320 PDF objects out of 1440 (max. 8388607)
 1101 compressed objects within 12 object streams
 489 named destinations out of 1000 (max. 500000)
 468 words of extra memory for PDF output out of 10000 (max. 10000000)

